<?xml version="1.0" encoding="UTF-8"?>
<testsuite name="com.app.mybatis.mapper.MemberMapperTests" tests="1" skipped="0" failures="0" errors="0" timestamp="2025-02-28T07:02:43" hostname="ICLASS" time="1.468">
  <properties/>
  <testcase name="testInsert()" classname="com.app.mybatis.mapper.MemberMapperTests" time="1.468"/>
  <system-out><![CDATA[16:02:40.225 [Test worker] INFO org.springframework.test.context.support.AnnotationConfigContextLoaderUtils -- Could not detect default configuration classes for test class [com.app.mybatis.mapper.MemberMapperTests]: MemberMapperTests does not declare any static, non-private, non-final, nested classes annotated with @Configuration.
16:02:40.341 [Test worker] INFO org.springframework.boot.test.context.SpringBootTestContextBootstrapper -- Found @SpringBootConfiguration com.app.mybatis.MybatisApplication for test class com.app.mybatis.mapper.MemberMapperTests

  .   ____          _            __ _ _
 /\\ / ___'_ __ _ _(_)_ __  __ _ \ \ \ \
( ( )\___ | '_ | '_| | '_ \/ _` | \ \ \ \
 \\/  ___)| |_)| | | | | || (_| |  ) ) ) )
  '  |____| .__|_| |_|_| |_\__, | / / / /
 =========|_|==============|___/=/_/_/_/

 :: Spring Boot ::                (v3.4.3)

2025-02-28T16:02:40.820+09:00  INFO 37036 --- [    Test worker] c.app.mybatis.mapper.MemberMapperTests   : Starting MemberMapperTests using Java 17.0.10 with PID 37036 (started by Admin in D:\gb_0900_hds\spring\workspace\mybatis)
2025-02-28T16:02:40.821+09:00  INFO 37036 --- [    Test worker] c.app.mybatis.mapper.MemberMapperTests   : No active profile set, falling back to 1 default profile: "default"
2025-02-28T16:02:41.714+09:00  WARN 37036 --- [    Test worker] trationDelegate$BeanPostProcessorChecker : Bean 'org.springframework.ws.config.annotation.DelegatingWsConfiguration' of type [org.springframework.ws.config.annotation.DelegatingWsConfiguration$$SpringCGLIB$$0] is not eligible for getting processed by all BeanPostProcessors (for example: not eligible for auto-proxying). The currently created BeanPostProcessor [annotationActionEndpointMapping] is declared through a non-static factory method on that class; consider declaring it as static instead.
2025-02-28T16:02:41.758+09:00  INFO 37036 --- [    Test worker] .w.s.a.s.AnnotationActionEndpointMapping : Supporting [WS-Addressing August 2004, WS-Addressing 1.0]
2025-02-28T16:02:43.376+09:00  INFO 37036 --- [    Test worker] c.app.mybatis.mapper.MemberMapperTests   : Started MemberMapperTests in 2.867 seconds (process running for 4.137)
2025-02-28T16:02:44.352+09:00  INFO 37036 --- [    Test worker] com.zaxxer.hikari.HikariDataSource       : HikariPool-1 - Starting...
2025-02-28T16:02:44.712+09:00  INFO 37036 --- [    Test worker] com.zaxxer.hikari.pool.HikariPool        : HikariPool-1 - Added connection oracle.jdbc.driver.T4CConnection@4f9213d2
2025-02-28T16:02:44.714+09:00  INFO 37036 --- [    Test worker] com.zaxxer.hikari.HikariDataSource       : HikariPool-1 - Start completed.
]]></system-out>
  <system-err><![CDATA[]]></system-err>
</testsuite>
