<?xml version="1.0" encoding="UTF-8"?>
<testsuite name="com.app.mybatis.mapper.TimeMapperTests" tests="1" skipped="0" failures="0" errors="0" timestamp="2025-02-28T06:52:50" hostname="DESKTOP-6RPTPN3" time="1.161">
  <properties/>
  <testcase name="testGetTime()" classname="com.app.mybatis.mapper.TimeMapperTests" time="1.161"/>
  <system-out><![CDATA[15:52:47.911 [Test worker] INFO org.springframework.test.context.support.AnnotationConfigContextLoaderUtils -- Could not detect default configuration classes for test class [com.app.mybatis.mapper.TimeMapperTests]: TimeMapperTests does not declare any static, non-private, non-final, nested classes annotated with @Configuration.
15:52:48.045 [Test worker] INFO org.springframework.boot.test.context.SpringBootTestContextBootstrapper -- Found @SpringBootConfiguration com.app.mybatis.MybatisApplication for test class com.app.mybatis.mapper.TimeMapperTests

  .   ____          _            __ _ _
 /\\ / ___'_ __ _ _(_)_ __  __ _ \ \ \ \
( ( )\___ | '_ | '_| | '_ \/ _` | \ \ \ \
 \\/  ___)| |_)| | | | | || (_| |  ) ) ) )
  '  |____| .__|_| |_|_| |_\__, | / / / /
 =========|_|==============|___/=/_/_/_/

 :: Spring Boot ::                (v3.4.3)

2025-02-28T15:52:48.455+09:00  INFO 11556 --- [    Test worker] com.app.mybatis.mapper.TimeMapperTests   : Starting TimeMapperTests using Java 17.0.10 with PID 11556 (started by sewoong in C:\Users\sewoong\Desktop\my_study\gb_0900_HSW\spring\workspace\mybatis)
2025-02-28T15:52:48.457+09:00  INFO 11556 --- [    Test worker] com.app.mybatis.mapper.TimeMapperTests   : No active profile set, falling back to 1 default profile: "default"
2025-02-28T15:52:49.213+09:00  WARN 11556 --- [    Test worker] trationDelegate$BeanPostProcessorChecker : Bean 'org.springframework.ws.config.annotation.DelegatingWsConfiguration' of type [org.springframework.ws.config.annotation.DelegatingWsConfiguration$$SpringCGLIB$$0] is not eligible for getting processed by all BeanPostProcessors (for example: not eligible for auto-proxying). The currently created BeanPostProcessor [annotationActionEndpointMapping] is declared through a non-static factory method on that class; consider declaring it as static instead.
2025-02-28T15:52:49.241+09:00  INFO 11556 --- [    Test worker] .w.s.a.s.AnnotationActionEndpointMapping : Supporting [WS-Addressing August 2004, WS-Addressing 1.0]
2025-02-28T15:52:50.313+09:00  INFO 11556 --- [    Test worker] com.app.mybatis.mapper.TimeMapperTests   : Started TimeMapperTests in 2.111 seconds (process running for 3.459)
2025-02-28T15:52:51.080+09:00  INFO 11556 --- [    Test worker] com.zaxxer.hikari.HikariDataSource       : HikariPool-1 - Starting...
2025-02-28T15:52:51.351+09:00  INFO 11556 --- [    Test worker] com.zaxxer.hikari.pool.HikariPool        : HikariPool-1 - Added connection oracle.jdbc.driver.T4CConnection@7509226c
2025-02-28T15:52:51.353+09:00  INFO 11556 --- [    Test worker] com.zaxxer.hikari.HikariDataSource       : HikariPool-1 - Start completed.
2025-02-28T15:52:51.496+09:00  INFO 11556 --- [    Test worker] com.app.mybatis.mapper.TimeMapperTests   : 2025-02-28 15:52:51
]]></system-out>
  <system-err><![CDATA[]]></system-err>
</testsuite>
