<?xml version="1.0" encoding="UTF-8"?>
<testsuite name="com.app.mybatis.mapper.PostMapperTests" tests="1" skipped="0" failures="0" errors="0" timestamp="2025-03-04T01:28:10" hostname="ICLASS" time="2.594">
  <properties/>
  <testcase name="testDelete()" classname="com.app.mybatis.mapper.PostMapperTests" time="2.594"/>
  <system-out><![CDATA[10:28:07.384 [Test worker] INFO org.springframework.test.context.support.AnnotationConfigContextLoaderUtils -- Could not detect default configuration classes for test class [com.app.mybatis.mapper.PostMapperTests]: PostMapperTests does not declare any static, non-private, non-final, nested classes annotated with @Configuration.
10:28:07.506 [Test worker] INFO org.springframework.boot.test.context.SpringBootTestContextBootstrapper -- Found @SpringBootConfiguration com.app.mybatis.MybatisApplication for test class com.app.mybatis.mapper.PostMapperTests

  .   ____          _            __ _ _
 /\\ / ___'_ __ _ _(_)_ __  __ _ \ \ \ \
( ( )\___ | '_ | '_| | '_ \/ _` | \ \ \ \
 \\/  ___)| |_)| | | | | || (_| |  ) ) ) )
  '  |____| .__|_| |_|_| |_\__, | / / / /
 =========|_|==============|___/=/_/_/_/

 :: Spring Boot ::                (v3.4.3)

2025-03-04T10:28:07.998+09:00  INFO 26692 --- [    Test worker] com.app.mybatis.mapper.PostMapperTests   : Starting PostMapperTests using Java 17.0.10 with PID 26692 (started by Admin in D:\gb_0900_hds\spring\workspace\mybatis)
2025-03-04T10:28:08.000+09:00  INFO 26692 --- [    Test worker] com.app.mybatis.mapper.PostMapperTests   : No active profile set, falling back to 1 default profile: "default"
2025-03-04T10:28:09.045+09:00  WARN 26692 --- [    Test worker] trationDelegate$BeanPostProcessorChecker : Bean 'org.springframework.ws.config.annotation.DelegatingWsConfiguration' of type [org.springframework.ws.config.annotation.DelegatingWsConfiguration$$SpringCGLIB$$0] is not eligible for getting processed by all BeanPostProcessors (for example: not eligible for auto-proxying). The currently created BeanPostProcessor [annotationActionEndpointMapping] is declared through a non-static factory method on that class; consider declaring it as static instead.
2025-03-04T10:28:09.091+09:00  INFO 26692 --- [    Test worker] .w.s.a.s.AnnotationActionEndpointMapping : Supporting [WS-Addressing August 2004, WS-Addressing 1.0]
2025-03-04T10:28:10.723+09:00  INFO 26692 --- [    Test worker] com.app.mybatis.mapper.PostMapperTests   : Started PostMapperTests in 3.058 seconds (process running for 4.309)
2025-03-04T10:28:12.517+09:00  INFO 26692 --- [    Test worker] com.zaxxer.hikari.HikariDataSource       : HikariPool-1 - Starting...
2025-03-04T10:28:12.977+09:00  INFO 26692 --- [    Test worker] com.zaxxer.hikari.pool.HikariPool        : HikariPool-1 - Added connection oracle.jdbc.driver.T4CConnection@4067634b
2025-03-04T10:28:12.980+09:00  INFO 26692 --- [    Test worker] com.zaxxer.hikari.HikariDataSource       : HikariPool-1 - Start completed.
]]></system-out>
  <system-err><![CDATA[]]></system-err>
</testsuite>
