<?xml version="1.0" encoding="UTF-8"?>
<testsuite name="com.app.dependency.injection.CodingTests" tests="1" skipped="0" failures="0" errors="0" timestamp="2025-02-27T05:30:49" hostname="DESKTOP-6RPTPN3" time="0.741">
  <properties/>
  <testcase name="testCoding()" classname="com.app.dependency.injection.CodingTests" time="0.741"/>
  <system-out><![CDATA[14:30:47.426 [Test worker] INFO org.springframework.test.context.support.AnnotationConfigContextLoaderUtils -- Could not detect default configuration classes for test class [com.app.dependency.injection.CodingTests]: CodingTests does not declare any static, non-private, non-final, nested classes annotated with @Configuration.
14:30:47.540 [Test worker] INFO org.springframework.boot.test.context.SpringBootTestContextBootstrapper -- Found @SpringBootConfiguration com.app.dependency.DependencyApplication for test class com.app.dependency.injection.CodingTests

  .   ____          _            __ _ _
 /\\ / ___'_ __ _ _(_)_ __  __ _ \ \ \ \
( ( )\___ | '_ | '_| | '_ \/ _` | \ \ \ \
 \\/  ___)| |_)| | | | | || (_| |  ) ) ) )
  '  |____| .__|_| |_|_| |_\__, | / / / /
 =========|_|==============|___/=/_/_/_/

 :: Spring Boot ::                (v3.4.3)

2025-02-27T14:30:47.926+09:00  INFO 13436 --- [    Test worker] c.app.dependency.injection.CodingTests   : Starting CodingTests using Java 17.0.10 with PID 13436 (started by sewoong in C:\Users\sewoong\Desktop\my_study\gb_0900_HSW\spring\workspace\dependency)
2025-02-27T14:30:47.927+09:00  INFO 13436 --- [    Test worker] c.app.dependency.injection.CodingTests   : No active profile set, falling back to 1 default profile: "default"
2025-02-27T14:30:48.566+09:00  WARN 13436 --- [    Test worker] trationDelegate$BeanPostProcessorChecker : Bean 'org.springframework.ws.config.annotation.DelegatingWsConfiguration' of type [org.springframework.ws.config.annotation.DelegatingWsConfiguration$$SpringCGLIB$$0] is not eligible for getting processed by all BeanPostProcessors (for example: not eligible for auto-proxying). The currently created BeanPostProcessor [annotationActionEndpointMapping] is declared through a non-static factory method on that class; consider declaring it as static instead.
2025-02-27T14:30:48.590+09:00  INFO 13436 --- [    Test worker] .w.s.a.s.AnnotationActionEndpointMapping : Supporting [WS-Addressing August 2004, WS-Addressing 1.0]
2025-02-27T14:30:49.118+09:00  INFO 13436 --- [    Test worker] c.app.dependency.injection.CodingTests   : Started CodingTests in 1.439 seconds (process running for 2.459)
2025-02-27T14:30:49.875+09:00  INFO 13436 --- [    Test worker] c.app.dependency.injection.CodingTests   : coding: com.app.dependency.injection.Coding@29d3d0fb
]]></system-out>
  <system-err><![CDATA[]]></system-err>
</testsuite>
