<?xml version="1.0" encoding="UTF-8"?>
<testsuite name="com.app.aop.proxy.SampleServiceTests" tests="1" skipped="0" failures="0" errors="0" timestamp="2025-04-15T01:39:16.632Z" hostname="ICLASS" time="1.352">
  <properties/>
  <testcase name="testDoAdd()" classname="com.app.aop.proxy.SampleServiceTests" time="1.352"/>
  <system-out><![CDATA[10:39:11.999 [Test worker] INFO org.springframework.test.context.support.AnnotationConfigContextLoaderUtils -- Could not detect default configuration classes for test class [com.app.aop.proxy.SampleServiceTests]: SampleServiceTests does not declare any static, non-private, non-final, nested classes annotated with @Configuration.
10:39:12.184 [Test worker] INFO org.springframework.boot.test.context.SpringBootTestContextBootstrapper -- Found @SpringBootConfiguration com.app.aop.AopApplication for test class com.app.aop.proxy.SampleServiceTests

  .   ____          _            __ _ _
 /\\ / ___'_ __ _ _(_)_ __  __ _ \ \ \ \
( ( )\___ | '_ | '_| | '_ \/ _` | \ \ \ \
 \\/  ___)| |_)| | | | | || (_| |  ) ) ) )
  '  |____| .__|_| |_|_| |_\__, | / / / /
 =========|_|==============|___/=/_/_/_/

 :: Spring Boot ::                (v3.4.4)

2025-04-15T10:39:12.936+09:00  INFO 22644 --- [aop] [    Test worker] com.app.aop.proxy.SampleServiceTests     : Starting SampleServiceTests using Java 17.0.10 with PID 22644 (started by Admin in D:\gb_0900_hds\spring\workspace\aop)
2025-04-15T10:39:12.939+09:00  INFO 22644 --- [aop] [    Test worker] com.app.aop.proxy.SampleServiceTests     : No active profile set, falling back to 1 default profile: "default"
2025-04-15T10:39:16.394+09:00  INFO 22644 --- [aop] [    Test worker] .w.s.a.s.AnnotationActionEndpointMapping : Supporting [WS-Addressing August 2004, WS-Addressing 1.0]
2025-04-15T10:39:16.574+09:00  INFO 22644 --- [aop] [    Test worker] com.app.aop.proxy.SampleServiceTests     : Started SampleServiceTests in 4.173 seconds (process running for 5.781)
2025-04-15T10:39:17.945+09:00  INFO 22644 --- [aop] [    Test worker] com.app.aop.aspect.LogAspect             : join point: execution(Integer com.app.aop.service.SampleService.doAdd(String,String))
2025-04-15T10:39:17.950+09:00  INFO 22644 --- [aop] [    Test worker] com.app.aop.service.SampleService        : 핵심 로직
2025-04-15T10:39:17.955+09:00  INFO 22644 --- [aop] [    Test worker] com.app.aop.proxy.SampleServiceTests     : result: 20
]]></system-out>
  <system-err><![CDATA[]]></system-err>
</testsuite>
